"pkg-config --exists libffi"
package configuration for libffi is not found
have_header: checking for ffi.h... -------------------- no

"cc -o conftest -I/home/linuxbrew/.linuxbrew/Cellar/ruby/2.6.2/include/ruby-2.6.0/x86_64-linux -I/home/linuxbrew/.linuxbrew/Cellar/ruby/2.6.2/include/ruby-2.6.0/ruby/backward -I/home/linuxbrew/.linuxbrew/Cellar/ruby/2.6.2/include/ruby-2.6.0 -I.  -I/home/linuxbrew/.linuxbrew/opt/libyaml/include -I/home/linuxbrew/.linuxbrew/opt/openssl/include -I/home/linuxbrew/.linuxbrew/opt/readline/include   -O3 -ggdb3 -Wall -Wextra -Wdeclaration-after-statement -Wdeprecated-declarations -Wimplicit-function-declaration -Wimplicit-int -Wpointer-arith -Wwrite-strings -Wmissing-noreturn -Wno-cast-function-type -Wno-constant-logical-operand -Wno-long-long -Wno-missing-field-initializers -Wno-overlength-strings -Wno-packed-bitfield-compat -Wno-parentheses-equality -Wno-self-assign -Wno-tautological-compare -Wno-unused-parameter -Wno-unused-value -Wsuggest-attribute=format -Wsuggest-attribute=noreturn -Wunused-variable -Wno-maybe-uninitialized  -fPIC conftest.c  -L. -L/home/linuxbrew/.linuxbrew/Cellar/ruby/2.6.2/lib -Wl,-rpath,/home/linuxbrew/.linuxbrew/Cellar/ruby/2.6.2/lib -L/home/linuxbrew/.linuxbrew/opt/libyaml/lib -Wl,-rpath,/home/linuxbrew/.linuxbrew/opt/libyaml/lib -L/home/linuxbrew/.linuxbrew/opt/openssl/lib -Wl,-rpath,/home/linuxbrew/.linuxbrew/opt/openssl/lib -L/home/linuxbrew/.linuxbrew/opt/readline/lib -Wl,-rpath,/home/linuxbrew/.linuxbrew/opt/readline/lib -L. -fstack-protector-strong -rdynamic -Wl,-export-dynamic -L/home/linuxbrew/.linuxbrew/opt/libyaml/lib  -Wl,-rpath,/home/linuxbrew/.linuxbrew/opt/libyaml/lib -L/home/linuxbrew/.linuxbrew/opt/openssl/lib  -Wl,-rpath,/home/linuxbrew/.linuxbrew/opt/openssl/lib -L/home/linuxbrew/.linuxbrew/opt/readline/lib  -Wl,-rpath,/home/linuxbrew/.linuxbrew/opt/readline/lib     -Wl,-rpath,/home/linuxbrew/.linuxbrew/Cellar/ruby/2.6.2/lib -L/home/linuxbrew/.linuxbrew/Cellar/ruby/2.6.2/lib -lruby  -lm   -lc"
checked program was:
/* begin */
1: #include "ruby.h"
2: 
3: int main(int argc, char **argv)
4: {
5:   return 0;
6: }
/* end */

"cc -E -I/home/linuxbrew/.linuxbrew/Cellar/ruby/2.6.2/include/ruby-2.6.0/x86_64-linux -I/home/linuxbrew/.linuxbrew/Cellar/ruby/2.6.2/include/ruby-2.6.0/ruby/backward -I/home/linuxbrew/.linuxbrew/Cellar/ruby/2.6.2/include/ruby-2.6.0 -I.  -I/home/linuxbrew/.linuxbrew/opt/libyaml/include -I/home/linuxbrew/.linuxbrew/opt/openssl/include -I/home/linuxbrew/.linuxbrew/opt/readline/include   -O3 -ggdb3 -Wall -Wextra -Wdeclaration-after-statement -Wdeprecated-declarations -Wimplicit-function-declaration -Wimplicit-int -Wpointer-arith -Wwrite-strings -Wmissing-noreturn -Wno-cast-function-type -Wno-constant-logical-operand -Wno-long-long -Wno-missing-field-initializers -Wno-overlength-strings -Wno-packed-bitfield-compat -Wno-parentheses-equality -Wno-self-assign -Wno-tautological-compare -Wno-unused-parameter -Wno-unused-value -Wsuggest-attribute=format -Wsuggest-attribute=noreturn -Wunused-variable -Wno-maybe-uninitialized  -fPIC  conftest.c -o conftest.i"
conftest.c:3:17: fatal error: ffi.h: No such file or directory
 #include <ffi.h>
                 ^
compilation terminated.
checked program was:
/* begin */
1: #include "ruby.h"
2: 
3: #include <ffi.h>
/* end */

--------------------

find_header: checking for ffi.h in /usr/local/include,/usr/include/ffi... -------------------- no

"cc -E -I/home/linuxbrew/.linuxbrew/Cellar/ruby/2.6.2/include/ruby-2.6.0/x86_64-linux -I/home/linuxbrew/.linuxbrew/Cellar/ruby/2.6.2/include/ruby-2.6.0/ruby/backward -I/home/linuxbrew/.linuxbrew/Cellar/ruby/2.6.2/include/ruby-2.6.0 -I.  -I/home/linuxbrew/.linuxbrew/opt/libyaml/include -I/home/linuxbrew/.linuxbrew/opt/openssl/include -I/home/linuxbrew/.linuxbrew/opt/readline/include   -O3 -ggdb3 -Wall -Wextra -Wdeclaration-after-statement -Wdeprecated-declarations -Wimplicit-function-declaration -Wimplicit-int -Wpointer-arith -Wwrite-strings -Wmissing-noreturn -Wno-cast-function-type -Wno-constant-logical-operand -Wno-long-long -Wno-missing-field-initializers -Wno-overlength-strings -Wno-packed-bitfield-compat -Wno-parentheses-equality -Wno-self-assign -Wno-tautological-compare -Wno-unused-parameter -Wno-unused-value -Wsuggest-attribute=format -Wsuggest-attribute=noreturn -Wunused-variable -Wno-maybe-uninitialized  -fPIC  conftest.c -o conftest.i"
conftest.c:3:17: fatal error: ffi.h: No such file or directory
 #include <ffi.h>
                 ^
compilation terminated.
checked program was:
/* begin */
1: #include "ruby.h"
2: 
3: #include <ffi.h>
/* end */

"cc -E -I/home/linuxbrew/.linuxbrew/Cellar/ruby/2.6.2/include/ruby-2.6.0/x86_64-linux -I/home/linuxbrew/.linuxbrew/Cellar/ruby/2.6.2/include/ruby-2.6.0/ruby/backward -I/home/linuxbrew/.linuxbrew/Cellar/ruby/2.6.2/include/ruby-2.6.0 -I.  -I/home/linuxbrew/.linuxbrew/opt/libyaml/include -I/home/linuxbrew/.linuxbrew/opt/openssl/include -I/home/linuxbrew/.linuxbrew/opt/readline/include   -O3 -ggdb3 -Wall -Wextra -Wdeclaration-after-statement -Wdeprecated-declarations -Wimplicit-function-declaration -Wimplicit-int -Wpointer-arith -Wwrite-strings -Wmissing-noreturn -Wno-cast-function-type -Wno-constant-logical-operand -Wno-long-long -Wno-missing-field-initializers -Wno-overlength-strings -Wno-packed-bitfield-compat -Wno-parentheses-equality -Wno-self-assign -Wno-tautological-compare -Wno-unused-parameter -Wno-unused-value -Wsuggest-attribute=format -Wsuggest-attribute=noreturn -Wunused-variable -Wno-maybe-uninitialized  -fPIC -I/usr/local/include conftest.c -o conftest.i"
conftest.c:3:17: fatal error: ffi.h: No such file or directory
 #include <ffi.h>
                 ^
compilation terminated.
checked program was:
/* begin */
1: #include "ruby.h"
2: 
3: #include <ffi.h>
/* end */

"cc -E -I/home/linuxbrew/.linuxbrew/Cellar/ruby/2.6.2/include/ruby-2.6.0/x86_64-linux -I/home/linuxbrew/.linuxbrew/Cellar/ruby/2.6.2/include/ruby-2.6.0/ruby/backward -I/home/linuxbrew/.linuxbrew/Cellar/ruby/2.6.2/include/ruby-2.6.0 -I.  -I/home/linuxbrew/.linuxbrew/opt/libyaml/include -I/home/linuxbrew/.linuxbrew/opt/openssl/include -I/home/linuxbrew/.linuxbrew/opt/readline/include   -O3 -ggdb3 -Wall -Wextra -Wdeclaration-after-statement -Wdeprecated-declarations -Wimplicit-function-declaration -Wimplicit-int -Wpointer-arith -Wwrite-strings -Wmissing-noreturn -Wno-cast-function-type -Wno-constant-logical-operand -Wno-long-long -Wno-missing-field-initializers -Wno-overlength-strings -Wno-packed-bitfield-compat -Wno-parentheses-equality -Wno-self-assign -Wno-tautological-compare -Wno-unused-parameter -Wno-unused-value -Wsuggest-attribute=format -Wsuggest-attribute=noreturn -Wunused-variable -Wno-maybe-uninitialized  -fPIC -I/usr/include/ffi conftest.c -o conftest.i"
conftest.c:3:17: fatal error: ffi.h: No such file or directory
 #include <ffi.h>
                 ^
compilation terminated.
checked program was:
/* begin */
1: #include "ruby.h"
2: 
3: #include <ffi.h>
/* end */

--------------------

have_header: checking for shlwapi.h... -------------------- no

"cc -E -I/home/linuxbrew/.linuxbrew/Cellar/ruby/2.6.2/include/ruby-2.6.0/x86_64-linux -I/home/linuxbrew/.linuxbrew/Cellar/ruby/2.6.2/include/ruby-2.6.0/ruby/backward -I/home/linuxbrew/.linuxbrew/Cellar/ruby/2.6.2/include/ruby-2.6.0 -I.  -I/home/linuxbrew/.linuxbrew/opt/libyaml/include -I/home/linuxbrew/.linuxbrew/opt/openssl/include -I/home/linuxbrew/.linuxbrew/opt/readline/include   -O3 -ggdb3 -Wall -Wextra -Wdeclaration-after-statement -Wdeprecated-declarations -Wimplicit-function-declaration -Wimplicit-int -Wpointer-arith -Wwrite-strings -Wmissing-noreturn -Wno-cast-function-type -Wno-constant-logical-operand -Wno-long-long -Wno-missing-field-initializers -Wno-overlength-strings -Wno-packed-bitfield-compat -Wno-parentheses-equality -Wno-self-assign -Wno-tautological-compare -Wno-unused-parameter -Wno-unused-value -Wsuggest-attribute=format -Wsuggest-attribute=noreturn -Wunused-variable -Wno-maybe-uninitialized  -fPIC  conftest.c -o conftest.i"
conftest.c:3:21: fatal error: shlwapi.h: No such file or directory
 #include <shlwapi.h>
                     ^
compilation terminated.
checked program was:
/* begin */
1: #include "ruby.h"
2: 
3: #include <shlwapi.h>
/* end */

--------------------

have_header: checking for ruby/thread.h... -------------------- yes

"cc -E -I/home/linuxbrew/.linuxbrew/Cellar/ruby/2.6.2/include/ruby-2.6.0/x86_64-linux -I/home/linuxbrew/.linuxbrew/Cellar/ruby/2.6.2/include/ruby-2.6.0/ruby/backward -I/home/linuxbrew/.linuxbrew/Cellar/ruby/2.6.2/include/ruby-2.6.0 -I.  -I/home/linuxbrew/.linuxbrew/opt/libyaml/include -I/home/linuxbrew/.linuxbrew/opt/openssl/include -I/home/linuxbrew/.linuxbrew/opt/readline/include   -O3 -ggdb3 -Wall -Wextra -Wdeclaration-after-statement -Wdeprecated-declarations -Wimplicit-function-declaration -Wimplicit-int -Wpointer-arith -Wwrite-strings -Wmissing-noreturn -Wno-cast-function-type -Wno-constant-logical-operand -Wno-long-long -Wno-missing-field-initializers -Wno-overlength-strings -Wno-packed-bitfield-compat -Wno-parentheses-equality -Wno-self-assign -Wno-tautological-compare -Wno-unused-parameter -Wno-unused-value -Wsuggest-attribute=format -Wsuggest-attribute=noreturn -Wunused-variable -Wno-maybe-uninitialized  -fPIC  conftest.c -o conftest.i"
checked program was:
/* begin */
1: #include "ruby.h"
2: 
3: #include <ruby/thread.h>
/* end */

--------------------

have_func: checking for rb_thread_blocking_region()... -------------------- no

"cc -o conftest -I/home/linuxbrew/.linuxbrew/Cellar/ruby/2.6.2/include/ruby-2.6.0/x86_64-linux -I/home/linuxbrew/.linuxbrew/Cellar/ruby/2.6.2/include/ruby-2.6.0/ruby/backward -I/home/linuxbrew/.linuxbrew/Cellar/ruby/2.6.2/include/ruby-2.6.0 -I.  -I/home/linuxbrew/.linuxbrew/opt/libyaml/include -I/home/linuxbrew/.linuxbrew/opt/openssl/include -I/home/linuxbrew/.linuxbrew/opt/readline/include   -O3 -ggdb3 -Wall -Wextra -Wdeclaration-after-statement -Wdeprecated-declarations -Wimplicit-function-declaration -Wimplicit-int -Wpointer-arith -Wwrite-strings -Wmissing-noreturn -Wno-cast-function-type -Wno-constant-logical-operand -Wno-long-long -Wno-missing-field-initializers -Wno-overlength-strings -Wno-packed-bitfield-compat -Wno-parentheses-equality -Wno-self-assign -Wno-tautological-compare -Wno-unused-parameter -Wno-unused-value -Wsuggest-attribute=format -Wsuggest-attribute=noreturn -Wunused-variable -Wno-maybe-uninitialized  -fPIC conftest.c  -L. -L/home/linuxbrew/.linuxbrew/Cellar/ruby/2.6.2/lib -Wl,-rpath,/home/linuxbrew/.linuxbrew/Cellar/ruby/2.6.2/lib -L/home/linuxbrew/.linuxbrew/opt/libyaml/lib -Wl,-rpath,/home/linuxbrew/.linuxbrew/opt/libyaml/lib -L/home/linuxbrew/.linuxbrew/opt/openssl/lib -Wl,-rpath,/home/linuxbrew/.linuxbrew/opt/openssl/lib -L/home/linuxbrew/.linuxbrew/opt/readline/lib -Wl,-rpath,/home/linuxbrew/.linuxbrew/opt/readline/lib -L. -fstack-protector-strong -rdynamic -Wl,-export-dynamic -L/home/linuxbrew/.linuxbrew/opt/libyaml/lib  -Wl,-rpath,/home/linuxbrew/.linuxbrew/opt/libyaml/lib -L/home/linuxbrew/.linuxbrew/opt/openssl/lib  -Wl,-rpath,/home/linuxbrew/.linuxbrew/opt/openssl/lib -L/home/linuxbrew/.linuxbrew/opt/readline/lib  -Wl,-rpath,/home/linuxbrew/.linuxbrew/opt/readline/lib     -Wl,-rpath,/home/linuxbrew/.linuxbrew/Cellar/ruby/2.6.2/lib -L/home/linuxbrew/.linuxbrew/Cellar/ruby/2.6.2/lib -lruby  -lm   -lc"
conftest.c: In function ‘t’:
conftest.c:14:57: error: ‘rb_thread_blocking_region’ undeclared (first use in this function)
 int t(void) { void ((*volatile p)()); p = (void ((*)()))rb_thread_blocking_region; return !p; }
                                                         ^~~~~~~~~~~~~~~~~~~~~~~~~
conftest.c:14:57: note: each undeclared identifier is reported only once for each function it appears in
conftest.c: At top level:
cc1: warning: unrecognized command line option ‘-Wno-self-assign’
cc1: warning: unrecognized command line option ‘-Wno-parentheses-equality’
cc1: warning: unrecognized command line option ‘-Wno-constant-logical-operand’
cc1: warning: unrecognized command line option ‘-Wno-cast-function-type’
checked program was:
/* begin */
 1: #include "ruby.h"
 2: 
 3: /*top*/
 4: extern int t(void);
 5: int main(int argc, char **argv)
 6: {
 7:   if (argc > 1000000) {
 8:     int (* volatile tp)(void)=(int (*)(void))&t;
 9:     printf("%d", (*tp)());
10:   }
11: 
12:   return 0;
13: }
14: int t(void) { void ((*volatile p)()); p = (void ((*)()))rb_thread_blocking_region; return !p; }
/* end */

"cc -o conftest -I/home/linuxbrew/.linuxbrew/Cellar/ruby/2.6.2/include/ruby-2.6.0/x86_64-linux -I/home/linuxbrew/.linuxbrew/Cellar/ruby/2.6.2/include/ruby-2.6.0/ruby/backward -I/home/linuxbrew/.linuxbrew/Cellar/ruby/2.6.2/include/ruby-2.6.0 -I.  -I/home/linuxbrew/.linuxbrew/opt/libyaml/include -I/home/linuxbrew/.linuxbrew/opt/openssl/include -I/home/linuxbrew/.linuxbrew/opt/readline/include   -O3 -ggdb3 -Wall -Wextra -Wdeclaration-after-statement -Wdeprecated-declarations -Wimplicit-function-declaration -Wimplicit-int -Wpointer-arith -Wwrite-strings -Wmissing-noreturn -Wno-cast-function-type -Wno-constant-logical-operand -Wno-long-long -Wno-missing-field-initializers -Wno-overlength-strings -Wno-packed-bitfield-compat -Wno-parentheses-equality -Wno-self-assign -Wno-tautological-compare -Wno-unused-parameter -Wno-unused-value -Wsuggest-attribute=format -Wsuggest-attribute=noreturn -Wunused-variable -Wno-maybe-uninitialized  -fPIC conftest.c  -L. -L/home/linuxbrew/.linuxbrew/Cellar/ruby/2.6.2/lib -Wl,-rpath,/home/linuxbrew/.linuxbrew/Cellar/ruby/2.6.2/lib -L/home/linuxbrew/.linuxbrew/opt/libyaml/lib -Wl,-rpath,/home/linuxbrew/.linuxbrew/opt/libyaml/lib -L/home/linuxbrew/.linuxbrew/opt/openssl/lib -Wl,-rpath,/home/linuxbrew/.linuxbrew/opt/openssl/lib -L/home/linuxbrew/.linuxbrew/opt/readline/lib -Wl,-rpath,/home/linuxbrew/.linuxbrew/opt/readline/lib -L. -fstack-protector-strong -rdynamic -Wl,-export-dynamic -L/home/linuxbrew/.linuxbrew/opt/libyaml/lib  -Wl,-rpath,/home/linuxbrew/.linuxbrew/opt/libyaml/lib -L/home/linuxbrew/.linuxbrew/opt/openssl/lib  -Wl,-rpath,/home/linuxbrew/.linuxbrew/opt/openssl/lib -L/home/linuxbrew/.linuxbrew/opt/readline/lib  -Wl,-rpath,/home/linuxbrew/.linuxbrew/opt/readline/lib     -Wl,-rpath,/home/linuxbrew/.linuxbrew/Cellar/ruby/2.6.2/lib -L/home/linuxbrew/.linuxbrew/Cellar/ruby/2.6.2/lib -lruby  -lm   -lc"
/tmp/ccXSKrks.o: In function `t':
/mnt/c/work/ruby/workspase/albumapp/vendor/bundle/ruby/2.6.0/gems/ffi-1.10.0/ext/ffi_c/conftest.c:15: undefined reference to `rb_thread_blocking_region'
collect2: error: ld returned 1 exit status
checked program was:
/* begin */
 1: #include "ruby.h"
 2: 
 3: /*top*/
 4: extern int t(void);
 5: int main(int argc, char **argv)
 6: {
 7:   if (argc > 1000000) {
 8:     int (* volatile tp)(void)=(int (*)(void))&t;
 9:     printf("%d", (*tp)());
10:   }
11: 
12:   return 0;
13: }
14: extern void rb_thread_blocking_region();
15: int t(void) { rb_thread_blocking_region(); return 0; }
/* end */

--------------------

have_func: checking for rb_thread_call_with_gvl()... -------------------- yes

"cc -o conftest -I/home/linuxbrew/.linuxbrew/Cellar/ruby/2.6.2/include/ruby-2.6.0/x86_64-linux -I/home/linuxbrew/.linuxbrew/Cellar/ruby/2.6.2/include/ruby-2.6.0/ruby/backward -I/home/linuxbrew/.linuxbrew/Cellar/ruby/2.6.2/include/ruby-2.6.0 -I.  -I/home/linuxbrew/.linuxbrew/opt/libyaml/include -I/home/linuxbrew/.linuxbrew/opt/openssl/include -I/home/linuxbrew/.linuxbrew/opt/readline/include   -O3 -ggdb3 -Wall -Wextra -Wdeclaration-after-statement -Wdeprecated-declarations -Wimplicit-function-declaration -Wimplicit-int -Wpointer-arith -Wwrite-strings -Wmissing-noreturn -Wno-cast-function-type -Wno-constant-logical-operand -Wno-long-long -Wno-missing-field-initializers -Wno-overlength-strings -Wno-packed-bitfield-compat -Wno-parentheses-equality -Wno-self-assign -Wno-tautological-compare -Wno-unused-parameter -Wno-unused-value -Wsuggest-attribute=format -Wsuggest-attribute=noreturn -Wunused-variable -Wno-maybe-uninitialized  -fPIC conftest.c  -L. -L/home/linuxbrew/.linuxbrew/Cellar/ruby/2.6.2/lib -Wl,-rpath,/home/linuxbrew/.linuxbrew/Cellar/ruby/2.6.2/lib -L/home/linuxbrew/.linuxbrew/opt/libyaml/lib -Wl,-rpath,/home/linuxbrew/.linuxbrew/opt/libyaml/lib -L/home/linuxbrew/.linuxbrew/opt/openssl/lib -Wl,-rpath,/home/linuxbrew/.linuxbrew/opt/openssl/lib -L/home/linuxbrew/.linuxbrew/opt/readline/lib -Wl,-rpath,/home/linuxbrew/.linuxbrew/opt/readline/lib -L. -fstack-protector-strong -rdynamic -Wl,-export-dynamic -L/home/linuxbrew/.linuxbrew/opt/libyaml/lib  -Wl,-rpath,/home/linuxbrew/.linuxbrew/opt/libyaml/lib -L/home/linuxbrew/.linuxbrew/opt/openssl/lib  -Wl,-rpath,/home/linuxbrew/.linuxbrew/opt/openssl/lib -L/home/linuxbrew/.linuxbrew/opt/readline/lib  -Wl,-rpath,/home/linuxbrew/.linuxbrew/opt/readline/lib     -Wl,-rpath,/home/linuxbrew/.linuxbrew/Cellar/ruby/2.6.2/lib -L/home/linuxbrew/.linuxbrew/Cellar/ruby/2.6.2/lib -lruby  -lm   -lc"
conftest.c: In function ‘t’:
conftest.c:14:57: error: ‘rb_thread_call_with_gvl’ undeclared (first use in this function)
 int t(void) { void ((*volatile p)()); p = (void ((*)()))rb_thread_call_with_gvl; return !p; }
                                                         ^~~~~~~~~~~~~~~~~~~~~~~
conftest.c:14:57: note: each undeclared identifier is reported only once for each function it appears in
conftest.c: At top level:
cc1: warning: unrecognized command line option ‘-Wno-self-assign’
cc1: warning: unrecognized command line option ‘-Wno-parentheses-equality’
cc1: warning: unrecognized command line option ‘-Wno-constant-logical-operand’
cc1: warning: unrecognized command line option ‘-Wno-cast-function-type’
checked program was:
/* begin */
 1: #include "ruby.h"
 2: 
 3: /*top*/
 4: extern int t(void);
 5: int main(int argc, char **argv)
 6: {
 7:   if (argc > 1000000) {
 8:     int (* volatile tp)(void)=(int (*)(void))&t;
 9:     printf("%d", (*tp)());
10:   }
11: 
12:   return 0;
13: }
14: int t(void) { void ((*volatile p)()); p = (void ((*)()))rb_thread_call_with_gvl; return !p; }
/* end */

"cc -o conftest -I/home/linuxbrew/.linuxbrew/Cellar/ruby/2.6.2/include/ruby-2.6.0/x86_64-linux -I/home/linuxbrew/.linuxbrew/Cellar/ruby/2.6.2/include/ruby-2.6.0/ruby/backward -I/home/linuxbrew/.linuxbrew/Cellar/ruby/2.6.2/include/ruby-2.6.0 -I.  -I/home/linuxbrew/.linuxbrew/opt/libyaml/include -I/home/linuxbrew/.linuxbrew/opt/openssl/include -I/home/linuxbrew/.linuxbrew/opt/readline/include   -O3 -ggdb3 -Wall -Wextra -Wdeclaration-after-statement -Wdeprecated-declarations -Wimplicit-function-declaration -Wimplicit-int -Wpointer-arith -Wwrite-strings -Wmissing-noreturn -Wno-cast-function-type -Wno-constant-logical-operand -Wno-long-long -Wno-missing-field-initializers -Wno-overlength-strings -Wno-packed-bitfield-compat -Wno-parentheses-equality -Wno-self-assign -Wno-tautological-compare -Wno-unused-parameter -Wno-unused-value -Wsuggest-attribute=format -Wsuggest-attribute=noreturn -Wunused-variable -Wno-maybe-uninitialized  -fPIC conftest.c  -L. -L/home/linuxbrew/.linuxbrew/Cellar/ruby/2.6.2/lib -Wl,-rpath,/home/linuxbrew/.linuxbrew/Cellar/ruby/2.6.2/lib -L/home/linuxbrew/.linuxbrew/opt/libyaml/lib -Wl,-rpath,/home/linuxbrew/.linuxbrew/opt/libyaml/lib -L/home/linuxbrew/.linuxbrew/opt/openssl/lib -Wl,-rpath,/home/linuxbrew/.linuxbrew/opt/openssl/lib -L/home/linuxbrew/.linuxbrew/opt/readline/lib -Wl,-rpath,/home/linuxbrew/.linuxbrew/opt/readline/lib -L. -fstack-protector-strong -rdynamic -Wl,-export-dynamic -L/home/linuxbrew/.linuxbrew/opt/libyaml/lib  -Wl,-rpath,/home/linuxbrew/.linuxbrew/opt/libyaml/lib -L/home/linuxbrew/.linuxbrew/opt/openssl/lib  -Wl,-rpath,/home/linuxbrew/.linuxbrew/opt/openssl/lib -L/home/linuxbrew/.linuxbrew/opt/readline/lib  -Wl,-rpath,/home/linuxbrew/.linuxbrew/opt/readline/lib     -Wl,-rpath,/home/linuxbrew/.linuxbrew/Cellar/ruby/2.6.2/lib -L/home/linuxbrew/.linuxbrew/Cellar/ruby/2.6.2/lib -lruby  -lm   -lc"
checked program was:
/* begin */
 1: #include "ruby.h"
 2: 
 3: /*top*/
 4: extern int t(void);
 5: int main(int argc, char **argv)
 6: {
 7:   if (argc > 1000000) {
 8:     int (* volatile tp)(void)=(int (*)(void))&t;
 9:     printf("%d", (*tp)());
10:   }
11: 
12:   return 0;
13: }
14: extern void rb_thread_call_with_gvl();
15: int t(void) { rb_thread_call_with_gvl(); return 0; }
/* end */

--------------------

have_func: checking for rb_thread_call_without_gvl()... -------------------- yes

"cc -o conftest -I/home/linuxbrew/.linuxbrew/Cellar/ruby/2.6.2/include/ruby-2.6.0/x86_64-linux -I/home/linuxbrew/.linuxbrew/Cellar/ruby/2.6.2/include/ruby-2.6.0/ruby/backward -I/home/linuxbrew/.linuxbrew/Cellar/ruby/2.6.2/include/ruby-2.6.0 -I.  -I/home/linuxbrew/.linuxbrew/opt/libyaml/include -I/home/linuxbrew/.linuxbrew/opt/openssl/include -I/home/linuxbrew/.linuxbrew/opt/readline/include   -O3 -ggdb3 -Wall -Wextra -Wdeclaration-after-statement -Wdeprecated-declarations -Wimplicit-function-declaration -Wimplicit-int -Wpointer-arith -Wwrite-strings -Wmissing-noreturn -Wno-cast-function-type -Wno-constant-logical-operand -Wno-long-long -Wno-missing-field-initializers -Wno-overlength-strings -Wno-packed-bitfield-compat -Wno-parentheses-equality -Wno-self-assign -Wno-tautological-compare -Wno-unused-parameter -Wno-unused-value -Wsuggest-attribute=format -Wsuggest-attribute=noreturn -Wunused-variable -Wno-maybe-uninitialized  -fPIC conftest.c  -L. -L/home/linuxbrew/.linuxbrew/Cellar/ruby/2.6.2/lib -Wl,-rpath,/home/linuxbrew/.linuxbrew/Cellar/ruby/2.6.2/lib -L/home/linuxbrew/.linuxbrew/opt/libyaml/lib -Wl,-rpath,/home/linuxbrew/.linuxbrew/opt/libyaml/lib -L/home/linuxbrew/.linuxbrew/opt/openssl/lib -Wl,-rpath,/home/linuxbrew/.linuxbrew/opt/openssl/lib -L/home/linuxbrew/.linuxbrew/opt/readline/lib -Wl,-rpath,/home/linuxbrew/.linuxbrew/opt/readline/lib -L. -fstack-protector-strong -rdynamic -Wl,-export-dynamic -L/home/linuxbrew/.linuxbrew/opt/libyaml/lib  -Wl,-rpath,/home/linuxbrew/.linuxbrew/opt/libyaml/lib -L/home/linuxbrew/.linuxbrew/opt/openssl/lib  -Wl,-rpath,/home/linuxbrew/.linuxbrew/opt/openssl/lib -L/home/linuxbrew/.linuxbrew/opt/readline/lib  -Wl,-rpath,/home/linuxbrew/.linuxbrew/opt/readline/lib     -Wl,-rpath,/home/linuxbrew/.linuxbrew/Cellar/ruby/2.6.2/lib -L/home/linuxbrew/.linuxbrew/Cellar/ruby/2.6.2/lib -lruby  -lm   -lc"
conftest.c: In function ‘t’:
conftest.c:14:57: error: ‘rb_thread_call_without_gvl’ undeclared (first use in this function)
 int t(void) { void ((*volatile p)()); p = (void ((*)()))rb_thread_call_without_gvl; return !p; }
                                                         ^~~~~~~~~~~~~~~~~~~~~~~~~~
conftest.c:14:57: note: each undeclared identifier is reported only once for each function it appears in
conftest.c: At top level:
cc1: warning: unrecognized command line option ‘-Wno-self-assign’
cc1: warning: unrecognized command line option ‘-Wno-parentheses-equality’
cc1: warning: unrecognized command line option ‘-Wno-constant-logical-operand’
cc1: warning: unrecognized command line option ‘-Wno-cast-function-type’
checked program was:
/* begin */
 1: #include "ruby.h"
 2: 
 3: /*top*/
 4: extern int t(void);
 5: int main(int argc, char **argv)
 6: {
 7:   if (argc > 1000000) {
 8:     int (* volatile tp)(void)=(int (*)(void))&t;
 9:     printf("%d", (*tp)());
10:   }
11: 
12:   return 0;
13: }
14: int t(void) { void ((*volatile p)()); p = (void ((*)()))rb_thread_call_without_gvl; return !p; }
/* end */

"cc -o conftest -I/home/linuxbrew/.linuxbrew/Cellar/ruby/2.6.2/include/ruby-2.6.0/x86_64-linux -I/home/linuxbrew/.linuxbrew/Cellar/ruby/2.6.2/include/ruby-2.6.0/ruby/backward -I/home/linuxbrew/.linuxbrew/Cellar/ruby/2.6.2/include/ruby-2.6.0 -I.  -I/home/linuxbrew/.linuxbrew/opt/libyaml/include -I/home/linuxbrew/.linuxbrew/opt/openssl/include -I/home/linuxbrew/.linuxbrew/opt/readline/include   -O3 -ggdb3 -Wall -Wextra -Wdeclaration-after-statement -Wdeprecated-declarations -Wimplicit-function-declaration -Wimplicit-int -Wpointer-arith -Wwrite-strings -Wmissing-noreturn -Wno-cast-function-type -Wno-constant-logical-operand -Wno-long-long -Wno-missing-field-initializers -Wno-overlength-strings -Wno-packed-bitfield-compat -Wno-parentheses-equality -Wno-self-assign -Wno-tautological-compare -Wno-unused-parameter -Wno-unused-value -Wsuggest-attribute=format -Wsuggest-attribute=noreturn -Wunused-variable -Wno-maybe-uninitialized  -fPIC conftest.c  -L. -L/home/linuxbrew/.linuxbrew/Cellar/ruby/2.6.2/lib -Wl,-rpath,/home/linuxbrew/.linuxbrew/Cellar/ruby/2.6.2/lib -L/home/linuxbrew/.linuxbrew/opt/libyaml/lib -Wl,-rpath,/home/linuxbrew/.linuxbrew/opt/libyaml/lib -L/home/linuxbrew/.linuxbrew/opt/openssl/lib -Wl,-rpath,/home/linuxbrew/.linuxbrew/opt/openssl/lib -L/home/linuxbrew/.linuxbrew/opt/readline/lib -Wl,-rpath,/home/linuxbrew/.linuxbrew/opt/readline/lib -L. -fstack-protector-strong -rdynamic -Wl,-export-dynamic -L/home/linuxbrew/.linuxbrew/opt/libyaml/lib  -Wl,-rpath,/home/linuxbrew/.linuxbrew/opt/libyaml/lib -L/home/linuxbrew/.linuxbrew/opt/openssl/lib  -Wl,-rpath,/home/linuxbrew/.linuxbrew/opt/openssl/lib -L/home/linuxbrew/.linuxbrew/opt/readline/lib  -Wl,-rpath,/home/linuxbrew/.linuxbrew/opt/readline/lib     -Wl,-rpath,/home/linuxbrew/.linuxbrew/Cellar/ruby/2.6.2/lib -L/home/linuxbrew/.linuxbrew/Cellar/ruby/2.6.2/lib -lruby  -lm   -lc"
checked program was:
/* begin */
 1: #include "ruby.h"
 2: 
 3: /*top*/
 4: extern int t(void);
 5: int main(int argc, char **argv)
 6: {
 7:   if (argc > 1000000) {
 8:     int (* volatile tp)(void)=(int (*)(void))&t;
 9:     printf("%d", (*tp)());
10:   }
11: 
12:   return 0;
13: }
14: extern void rb_thread_call_without_gvl();
15: int t(void) { rb_thread_call_without_gvl(); return 0; }
/* end */

--------------------

extconf.h is:
/* begin */
1: #ifndef EXTCONF_H
2: #define EXTCONF_H
3: #define HAVE_RUBY_THREAD_H 1
4: #define HAVE_RB_THREAD_CALL_WITH_GVL 1
5: #define HAVE_RB_THREAD_CALL_WITHOUT_GVL 1
6: #define HAVE_FFI_PREP_CIF_VAR 1
7: #define USE_INTERNAL_LIBFFI 1
8: #define RUBY_1_9 1
9: #endif
/* end */

